Barotrauma Dedicated Server crash report (generated on 03/11/2023 21:54:05)


Barotrauma seems to have crashed. Sorry for the inconvenience! 


Game version 0.21.6.0 (ReleaseWindows, branch release, revision 480a2279e0)
Language: Russian
Selected content packages: Vanilla, ATK-89 "Sardine", Project-705k Lyra, Dors, Umkhumbi, Uzurbator3000, SITE 18 SCP 3.5 FIXED DOORS 3.5, EK Matriarch Mk-VII, The Plague Rat, Super Plague Rat, Fat Fish, Bronze Age, Cast Iron, Nemesis, QF8, IHN Kalvair, Wellerman, Unnamed, Челнок R-155, CzechSaboteur, Челнок R-170, Гага дрын, The Deep Manatee, Gato Revamped, Wyvern, Shiftless, TR-56, EK | Armory, Improved Husks, EK | Gunnery, DynamicEuropa, ADV Beacon Stations, Stations from beyond, Backpacks, 32x Stack, SFB with DE, Beacons Extended, Combat Overhaul Redux(COR)
Level seed: BastKerlescan Fossa
Loaded submarine: Wellerman (6A93318846A60E397B07AEF024F22480)
Selected screen: Barotrauma.GameScreen
Server (Round had started)


System info:
    Operating system: Microsoft Windows NT 10.0.19044.0 64 bit


Exception: ChildServerRelay readTask did not run to completion: status was WaitingForActivation. (System.Exception)
Target site: Barotrauma.Option`1[System.Int32] ReadIncomingMsgs()
Stack trace: 
   at Barotrauma.Networking.ChildServerRelay.ReadIncomingMsgs() in <DEV>\Barotrauma\BarotraumaShared\SharedSource\Networking\ChildServerRelay.cs:line 155
   at Barotrauma.Networking.ChildServerRelay.<UpdateRead>g__readBytes|26_0(Span`1 readTo) in <DEV>\Barotrauma\BarotraumaShared\SharedSource\Networking\ChildServerRelay.cs:line 183
   at Barotrauma.Networking.ChildServerRelay.UpdateRead() in <DEV>\Barotrauma\BarotraumaShared\SharedSource\Networking\ChildServerRelay.cs:line 175
   at System.Threading.Thread.StartCallback()


Last debug messages:
   03/11/2023 21:54:07 - WARNING: event count very high: 507
1. Barotrauma.LevelObjectManager x270
2. Barotrauma.Hull x160
3. Нестабильное соединение N (ID: 8330) x9
   03/11/2023 21:54:05 - WARNING: event count very high: 439
1. Barotrauma.LevelObjectManager x243
2. Barotrauma.Hull x130
3. Нестабильное соединение N (ID: 8330) x8
   03/11/2023 21:54:05 - [03/11/2023 21:54:05]
  Saving banlist
   03/11/2023 21:54:03 - WARNING: event count very high: 416
1. Barotrauma.LevelObjectManager x226
2. Barotrauma.Hull x128
3. Нестабильное соединение N (ID: 8330) x7
   03/11/2023 21:54:03 - [03/11/2023 21:54:03]
  WARNING: ServerEntityEventManager is lagging behind! Last sent id: 2122, latest create id: 2532
   03/11/2023 21:54:01 - WARNING: event count very high: 397
1. Barotrauma.LevelObjectManager x209
2. Barotrauma.Hull x128
3. Нестабильное соединение N (ID: 8330) x7
   03/11/2023 21:53:58 - WARNING: event count very high: 325
1. Barotrauma.LevelObjectManager x175
2. Barotrauma.Hull x98
3. Нестабильное соединение N (ID: 8330) x6
   03/11/2023 21:53:58 - WARNING: Running slowly (49 updates/s)!
   03/11/2023 21:53:55 - WARNING: event count very high: 295
1. Barotrauma.LevelObjectManager x154
2. Barotrauma.Hull x96
3. Нестабильное соединение N (ID: 8330) x5
   03/11/2023 21:53:53 - WARNING: event count very high: 230
1. Barotrauma.LevelObjectManager x128
2. Barotrauma.Hull x66
3. Нестабильное соединение N (ID: 8330) x4
   03/11/2023 21:53:51 - WARNING: event count very high: 203
1. Barotrauma.LevelObjectManager x107
2. Barotrauma.Hull x64
3. Нестабильное соединение N (ID: 8330) x4
   03/11/2023 21:53:49 - [03/11/2023 21:53:49]
  WARNING: ServerEntityEventManager is lagging behind! Last sent id: 2122, latest create id: 2322
   03/11/2023 21:53:46 - WARNING: Running slowly (55 updates/s)!
   03/11/2023 21:53:08 - [03/11/2023 21:53:08]
  Saving client permissions
