Barotrauma Dedicated Server crash report (generated on 02/25/2023 20:48:36)


Barotrauma seems to have crashed. Sorry for the inconvenience! 


Game version 0.21.6.0 (ReleaseWindows, branch release, revision 480a2279e0)
Language: Russian
Selected content packages: Vanilla, ATK-89 "Sardine", Project-705k Lyra, Dors, Umkhumbi, Uzurbator3000, SITE 18 SCP 3.5 FIXED DOORS 3.5, EK Matriarch Mk-VII, The Plague Rat, Super Plague Rat, Fat Fish, Bronze Age, Cast Iron, Nemesis, QF8, IHN Kalvair, Wellerman, Unnamed, Челнок R-155, CzechSaboteur, Челнок R-170, Гага дрын
Level seed: Worm CaveDagrun
Loaded submarine: Orca (64352A3D4E0C118377F9350A4246E33B)
Selected screen: Barotrauma.GameScreen
Server (Round had started)


System info:
    Operating system: Microsoft Windows NT 10.0.19044.0 64 bit


Exception: ChildServerRelay readTask did not run to completion: status was WaitingForActivation. (System.Exception)
Target site: Barotrauma.Option`1[System.Int32] ReadIncomingMsgs()
Stack trace: 
   at Barotrauma.Networking.ChildServerRelay.ReadIncomingMsgs() in <DEV>\Barotrauma\BarotraumaShared\SharedSource\Networking\ChildServerRelay.cs:line 155
   at Barotrauma.Networking.ChildServerRelay.<UpdateRead>g__readBytes|26_0(Span`1 readTo) in <DEV>\Barotrauma\BarotraumaShared\SharedSource\Networking\ChildServerRelay.cs:line 183
   at Barotrauma.Networking.ChildServerRelay.UpdateRead() in <DEV>\Barotrauma\BarotraumaShared\SharedSource\Networking\ChildServerRelay.cs:line 175
   at System.Threading.Thread.StartCallback()


Last debug messages:
   02/25/2023 20:48:36 - [02/25/2023 20:48:36]
  Saving banlist
   02/25/2023 20:48:30 - Could not find a spawn point for a SpawnAction (spawn location: BeaconStation (tag: beacon_bandit), skipping.
   02/25/2023 20:48:28 - [02/25/2023 20:48:28]
  Round started.
   02/25/2023 20:48:28 - [02/25/2023 20:48:28]
  vlad32 equipped Ружье
   02/25/2023 20:48:28 - [02/25/2023 20:48:28]
  igameCrog equipped Контейнер для хранения
   02/25/2023 20:48:28 - [02/25/2023 20:48:28]
  igameCrog equipped Контейнер для хранения
   02/25/2023 20:48:27 - [02/25/2023 20:48:27]
  Mission: Вредные грязевые рапторы
   02/25/2023 20:48:27 - [02/25/2023 20:48:27]
  Level seed: Worm CaveDagrun
   02/25/2023 20:48:27 - [02/25/2023 20:48:27]
  Submarine: Orca
   02/25/2023 20:48:27 - [02/25/2023 20:48:27]
  Game mode: Кампания
   02/25/2023 20:48:26 - [02/25/2023 20:48:26]
  Поступили сообщения о стае грязевых рапторов, нападающих на суда на маршруте Добывающий центр Worm Cave - Dagrun. Команда, которая их уничтожит, получит достойную награду в размере 1,500 кред.
   02/25/2023 20:48:26 - [02/25/2023 20:48:26]
  Миссия: Вредные грязевые рапторы
   02/25/2023 20:48:25 - WARNING: Entity events have been created during level generation. Events should not be created until the round is fully initialized.
   02/25/2023 20:48:23 - Generating an outpost for the end of the level... (Location: Dagrun, level type: LocationConnection)
